#
# There is insufficient memory for the Java Runtime Environment to continue.
# Native memory allocation (mmap) failed to map 266338304 bytes for G1 virtual space
# Possible reasons:
#   The system is out of physical RAM or swap space
#   The process is running with CompressedOops enabled, and the Java Heap may be blocking the growth of the native heap
# Possible solutions:
#   Reduce memory load on the system
#   Increase physical memory or swap space
#   Check if swap backing store is full
#   Decrease Java heap size (-Xmx/-Xms)
#   Decrease number of Java threads
#   Decrease Java thread stack sizes (-Xss)
#   Set larger code cache with -XX:ReservedCodeCacheSize=
#   JVM is running with Zero Based Compressed Oops mode in which the Java heap is
#     placed in the first 32GB address space. The Java Heap base address is the
#     maximum limit for the native heap growth. Please use -XX:HeapBaseMinAddress
#     to set the Java Heap base and to place the Java Heap above 32GB virtual address.
# This output file may be truncated or incomplete.
#
#  Out of Memory Error (os_windows.cpp:3559), pid=13532, tid=21812
#
# JRE version:  (17.0.7+7) (build )
# Java VM: OpenJDK 64-Bit Server VM (17.0.7+7-LTS, mixed mode, sharing, tiered, compressed oops, compressed class ptrs, g1 gc, windows-amd64)
# No core dump will be written. Minidumps are not enabled by default on client versions of Windows
#

---------------  S U M M A R Y ------------

Command Line: -Dorg.jetbrains.run.directory=D:\repos\tech-assignment-payconiq\src\test\resources\features -javaagent:C:\Program Files\JetBrains\IntelliJ IDEA Community Edition 2021.3.1\lib\idea_rt.jar=39156:C:\Program Files\JetBrains\IntelliJ IDEA Community Edition 2021.3.1\bin -Dfile.encoding=UTF-8 io.cucumber.core.cli.Main --plugin org.jetbrains.plugins.cucumber.java.run.CucumberJvm5SMFormatter --name ^Creating a booking$ --glue BDD D:/repos/tech-assignment-payconiq/src/test/resources/features/bookingCreating.feature

Host: Intel(R) Core(TM) i7-10510U CPU @ 1.80GHz, 8 cores, 15G,  Windows 10 , 64 bit Build 19041 (10.0.19041.2788)
Time: Mon Jul  3 05:00:58 2023 W. Europe Daylight Time elapsed time: 0.013225 seconds (0d 0h 0m 0s)

---------------  T H R E A D  ---------------

Current thread (0x0000020311ec96a0):  JavaThread "Unknown thread" [_thread_in_vm, id=21812, stack(0x0000003ecb400000,0x0000003ecb500000)]

Stack: [0x0000003ecb400000,0x0000003ecb500000]
Native frames: (J=compiled Java code, j=interpreted, Vv=VM code, C=native code)
V  [jvm.dll+0x64b53a]
V  [jvm.dll+0x7fef54]
V  [jvm.dll+0x80070e]
V  [jvm.dll+0x800d63]
V  [jvm.dll+0x236a2b]
V  [jvm.dll+0x64843a]
V  [jvm.dll+0x63ce8a]
V  [jvm.dll+0x2f5629]
V  [jvm.dll+0x2fc826]
V  [jvm.dll+0x348eea]
V  [jvm.dll+0x34912f]
V  [jvm.dll+0x2cb9a8]
V  [jvm.dll+0x2cc939]
V  [jvm.dll+0x7d2cd1]
V  [jvm.dll+0x3563c1]
V  [jvm.dll+0x7b32ae]
V  [jvm.dll+0x3d38d3]
V  [jvm.dll+0x3d52c1]
C  [jli.dll+0x51bf]
C  [ucrtbase.dll+0x21bb2]
C  [KERNEL32.DLL+0x17604]
C  [ntdll.dll+0x526a1]


---------------  P R O C E S S  ---------------

Threads class SMR info:
_java_thread_list=0x00007ffabdbbc858, length=0, elements={
}

Java Threads: ( => current thread )

Other Threads:
  0x0000020311f33d60 GCTaskThread "GC Thread#0" [stack: 0x0000003ecb500000,0x0000003ecb600000] [id=4192]
  0x000002030feedee0 ConcurrentGCThread "G1 Main Marker" [stack: 0x0000003ecb600000,0x0000003ecb700000] [id=21188]
  0x0000020311f41880 ConcurrentGCThread "G1 Conc#0" [stack: 0x0000003ecb700000,0x0000003ecb800000] [id=24532]

[error occurred during error reporting (printing all threads), id 0xc0000005, EXCEPTION_ACCESS_VIOLATION (0xc0000005) at pc=0x00007ffabd3acc47]

VM state: not at safepoint (not fully initialized)

VM Mutex/Monitor currently owned by a thread:  ([mutex/lock_event])
[0x0000020311ec5c80] Heap_lock - owner thread: 0x0000020311ec96a0

Heap address: 0x0000000702600000, size: 4058 MB, Compressed Oops mode: Zero based, Oop shift amount: 3

CDS archive(s) mapped at: [0x0000000000000000-0x0000000000000000-0x0000000000000000), size 0, SharedBaseAddress: 0x0000000800000000, ArchiveRelocationMode: 0.
Narrow klass base: 0x0000000000000000, Narrow klass shift: 0, Narrow klass range: 0x0

GC Precious Log:
<Empty>

Heap:
 garbage-first heap   total 0K, used 0K [0x0000000702600000, 0x0000000800000000)
  region size 2048K, 0 young (0K), 0 survivors (0K)

[error occurred during error reporting (printing heap information), id 0xc0000005, EXCEPTION_ACCESS_VIOLATION (0xc0000005) at pc=0x00007ffabd773419]

GC Heap History (0 events):
No events

Dll operation events (1 events):
Event: 0.009 Loaded shared library C:\Users\yevgen.omelchenko\.jdks\corretto-17.0.7\bin\java.dll

Deoptimization events (0 events):
No events

Classes unloaded (0 events):
No events

Classes redefined (0 events):
No events

Internal exceptions (0 events):
No events

VM Operations (0 events):
No events

Events (0 events):
No events


Dynamic libraries:
0x00007ff7c5ef0000 - 0x00007ff7c5efd000 	C:\Users\yevgen.omelchenko\.jdks\corretto-17.0.7\bin\java.exe
0x00007ffb22290000 - 0x00007ffb22488000 	C:\Windows\SYSTEM32\ntdll.dll
0x00007ffb21360000 - 0x00007ffb2141f000 	C:\Windows\System32\KERNEL32.DLL
0x00007ffb1fae0000 - 0x00007ffb1fdba000 	C:\Windows\System32\KERNELBASE.dll
0x00007ffb20100000 - 0x00007ffb20200000 	C:\Windows\System32\ucrtbase.dll
0x00007ffb1c6e0000 - 0x00007ffb1c6f7000 	C:\Users\yevgen.omelchenko\.jdks\corretto-17.0.7\bin\jli.dll
0x00007ffb1c6c0000 - 0x00007ffb1c6d5000 	C:\Users\yevgen.omelchenko\.jdks\corretto-17.0.7\bin\VCRUNTIME140.dll
0x00007ffb20990000 - 0x00007ffb20b2d000 	C:\Windows\System32\USER32.dll
0x00007ffb05520000 - 0x00007ffb057ba000 	C:\Windows\WinSxS\amd64_microsoft.windows.common-controls_6595b64144ccf1df_6.0.19041.1110_none_60b5254171f9507e\COMCTL32.dll
0x00007ffb1fe60000 - 0x00007ffb1fe82000 	C:\Windows\System32\win32u.dll
0x00007ffb21480000 - 0x00007ffb2151e000 	C:\Windows\System32\msvcrt.dll
0x00007ffb20300000 - 0x00007ffb2032b000 	C:\Windows\System32\GDI32.dll
0x00007ffb1fe90000 - 0x00007ffb1ffa0000 	C:\Windows\System32\gdi32full.dll
0x00007ffb1fdc0000 - 0x00007ffb1fe5d000 	C:\Windows\System32\msvcp_win.dll
0x00007ffb20330000 - 0x00007ffb20360000 	C:\Windows\System32\IMM32.DLL
0x00007ffb18bd0000 - 0x00007ffb18c6b000 	C:\Users\yevgen.omelchenko\.jdks\corretto-17.0.7\bin\msvcp140.dll
0x00007ffabd0d0000 - 0x00007ffabdcea000 	C:\Users\yevgen.omelchenko\.jdks\corretto-17.0.7\bin\server\jvm.dll
0x00007ffb21940000 - 0x00007ffb219ee000 	C:\Windows\System32\ADVAPI32.dll
0x00007ffb21770000 - 0x00007ffb2180c000 	C:\Windows\System32\sechost.dll
0x00007ffb21520000 - 0x00007ffb21646000 	C:\Windows\System32\RPCRT4.dll
0x00007ffb015f0000 - 0x00007ffb015f9000 	C:\Windows\SYSTEM32\WSOCK32.dll
0x00007ffb015c0000 - 0x00007ffb015e7000 	C:\Windows\SYSTEM32\WINMM.dll
0x00007ffb18eb0000 - 0x00007ffb18eba000 	C:\Windows\SYSTEM32\VERSION.dll
0x00007ffb20b90000 - 0x00007ffb20bfb000 	C:\Windows\System32\WS2_32.dll
0x00007ffb1d870000 - 0x00007ffb1d882000 	C:\Windows\SYSTEM32\kernel.appcore.dll
0x00007ffb1c750000 - 0x00007ffb1c75a000 	C:\Users\yevgen.omelchenko\.jdks\corretto-17.0.7\bin\jimage.dll
0x00007ffb1d2d0000 - 0x00007ffb1d4b4000 	C:\Windows\SYSTEM32\DBGHELP.DLL
0x00007ffafdf60000 - 0x00007ffafdf94000 	C:\Windows\SYSTEM32\dbgcore.DLL
0x00007ffb1fa50000 - 0x00007ffb1fad2000 	C:\Windows\System32\bcryptPrimitives.dll
0x00007ffb1c610000 - 0x00007ffb1c61e000 	C:\Users\yevgen.omelchenko\.jdks\corretto-17.0.7\bin\instrument.dll
0x00007ffb1c640000 - 0x00007ffb1c665000 	C:\Users\yevgen.omelchenko\.jdks\corretto-17.0.7\bin\java.dll

dbghelp: loaded successfully - version: 4.0.5 - missing functions: none
symbol engine: initialized successfully - sym options: 0x614 - pdb path: .;C:\Users\yevgen.omelchenko\.jdks\corretto-17.0.7\bin;C:\Windows\SYSTEM32;C:\Windows\WinSxS\amd64_microsoft.windows.common-controls_6595b64144ccf1df_6.0.19041.1110_none_60b5254171f9507e;C:\Users\yevgen.omelchenko\.jdks\corretto-17.0.7\bin\server

VM Arguments:
jvm_args: -Dorg.jetbrains.run.directory=D:\repos\tech-assignment-payconiq\src\test\resources\features -javaagent:C:\Program Files\JetBrains\IntelliJ IDEA Community Edition 2021.3.1\lib\idea_rt.jar=39156:C:\Program Files\JetBrains\IntelliJ IDEA Community Edition 2021.3.1\bin -Dfile.encoding=UTF-8 
java_command: io.cucumber.core.cli.Main --plugin org.jetbrains.plugins.cucumber.java.run.CucumberJvm5SMFormatter --name ^Creating a booking$ --glue BDD D:/repos/tech-assignment-payconiq/src/test/resources/features/bookingCreating.feature
java_class_path (initial): D:\repos\tech-assignment-payconiq\target\test-classes;D:\repos\tech-assignment-payconiq\target\classes;C:\Users\yevgen.omelchenko\.m2\repository\io\cucumber\cucumber-java\7.12.1\cucumber-java-7.12.1.jar;C:\Users\yevgen.omelchenko\.m2\repository\io\cucumber\cucumber-core\7.12.1\cucumber-core-7.12.1.jar;C:\Users\yevgen.omelchenko\.m2\repository\io\cucumber\cucumber-gherkin\7.12.1\cucumber-gherkin-7.12.1.jar;C:\Users\yevgen.omelchenko\.m2\repository\io\cucumber\cucumber-gherkin-messages\7.12.1\cucumber-gherkin-messages-7.12.1.jar;C:\Users\yevgen.omelchenko\.m2\repository\io\cucumber\gherkin\26.2.0\gherkin-26.2.0.jar;C:\Users\yevgen.omelchenko\.m2\repository\io\cucumber\messages\22.0.0\messages-22.0.0.jar;C:\Users\yevgen.omelchenko\.m2\repository\io\cucumber\tag-expressions\5.0.1\tag-expressions-5.0.1.jar;C:\Users\yevgen.omelchenko\.m2\repository\io\cucumber\cucumber-expressions\16.1.2\cucumber-expressions-16.1.2.jar;C:\Users\yevgen.omelchenko\.m2\repository\io\cucumber\datatable\7.12.1\datatable-7.12.1.jar;C:\Users\yevgen.omelchenko\.m2\repository\io\cucumber\cucumber-plugin\7.12.1\cucumber-plugin-7.12.1.jar;C:\Users\yevgen.omelchenko\.m2\repository\io\cucumber\docstring\7.12.1\docstring-7.12.1.jar;C:\Users\yevgen.omelchenko\.m2\repository\io\cucumber\html-formatter\20.3.1\html-formatter-20.3.1.jar;C:\Users\yevgen.omelchenko\.m2\repository\io\cucumber\junit-xml-formatter\0.2.0\junit-xml-formatter-0.2.0.jar;C:\Users\yevgen.omelchenko\.m2\repository\io\cucumber\ci-environment\9.2.0\ci-environment-9.2.0.jar;C:\Users\yevgen.omelchenko\.m2\repository\org\apiguardian\apiguardian-api\1.1.2\apiguardian-api-1.1.2.jar;C:\Users\yevgen.omelchenko\.m2\repository\io\cucumber\cucumber-junit-platform-engine\7.12.1\cucumber-junit-platform-engine-7.12.1.jar;C:\Users\yevgen.omelchenko\.m2\repository\org\junit\platform\junit-platform-engine\1.9.3\junit-platform-engine-1.9.3.jar;C:\Users\yevgen.omelchenko\.m2\repository\org\opentest4j\opentest4j\1.2.0\opentest4
Launcher Type: SUN_STANDARD

[Global flags]
     intx CICompilerCount                          = 4                                         {product} {ergonomic}
     uint ConcGCThreads                            = 2                                         {product} {ergonomic}
     uint G1ConcRefinementThreads                  = 8                                         {product} {ergonomic}
   size_t G1HeapRegionSize                         = 2097152                                   {product} {ergonomic}
    uintx GCDrainStackTargetSize                   = 64                                        {product} {ergonomic}
   size_t InitialHeapSize                          = 266338304                                 {product} {ergonomic}
   size_t MarkStackSize                            = 4194304                                   {product} {ergonomic}
   size_t MaxHeapSize                              = 4255121408                                {product} {ergonomic}
   size_t MinHeapDeltaBytes                        = 2097152                                   {product} {ergonomic}
   size_t MinHeapSize                              = 8388608                                   {product} {ergonomic}
    uintx NonNMethodCodeHeapSize                   = 5839372                                {pd product} {ergonomic}
    uintx NonProfiledCodeHeapSize                  = 122909434                              {pd product} {ergonomic}
    uintx ProfiledCodeHeapSize                     = 122909434                              {pd product} {ergonomic}
    uintx ReservedCodeCacheSize                    = 251658240                              {pd product} {ergonomic}
     bool SegmentedCodeCache                       = true                                      {product} {ergonomic}
   size_t SoftMaxHeapSize                          = 4255121408                             {manageable} {ergonomic}
     bool UseCompressedClassPointers               = true                           {product lp64_product} {ergonomic}
     bool UseCompressedOops                        = true                           {product lp64_product} {ergonomic}
     bool UseG1GC                                  = true                                      {product} {ergonomic}
     bool UseLargePagesIndividualAllocation        = false                                  {pd product} {ergonomic}

Logging:
Log output configuration:
 #0: stdout all=warning uptime,level,tags
 #1: stderr all=off uptime,level,tags

Environment Variables:
JAVA_HOME=C:\Program Files\Amazon Corretto\jdk11.0.14_9
PATH=C:\Program Files\Common Files\Oracle\Java\javapath;C:\Python310\Scripts\;C:\Python310\;C:\Windows\system32;C:\Windows;C:\Windows\System32\Wbem;C:\Windows\System32\WindowsPowerShell\v1.0\;C:\Windows\System32\OpenSSH\;C:\Program Files\dotnet\;C:\Program Files\Microsoft SQL Server\130\Tools\Binn\;C:\Program Files\Git\cmd;C:\ProgramData\chocolatey\bin;C:\Program Files (x86)\Microsoft SQL Server\150\DTS\Binn\;C:\Program Files\Azure Data Studio\bin;C:\dev\apache-maven-3.8.4\bin;C:\Program Files\Microsoft SQL Server\Client SDK\ODBC\130\Tools\Binn\;C:\Program Files (x86)\Microsoft SQL Server\140\Tools\Binn\;C:\Program Files\Microsoft SQL Server\140\Tools\Binn\;C:\Program Files\Microsoft SQL Server\140\DTS\Binn\;C:\Program Files\Microsoft SQL Server\Client SDK\ODBC\110\Tools\Binn\;C:\Program Files (x86)\Microsoft SQL Server\120\Tools\Binn\;C:\Program Files\Microsoft SQL Server\120\Tools\Binn\;C:\Program Files\Microsoft SQL Server\120\DTS\Binn\;C:\Program Files\Microsoft SQL Server\Client SDK\ODBC\170\Tools\Binn\;C:\Program Files\Microsoft SQL Server\150\Tools\Binn\;C:\Program Files\Amazon\AWSCLIV2\;C:\Program Files\nodejs\;C:\Program Files\GitHub CLI\;C:\Program Files\Docker\Docker\resources\bin;C:\Program Files (x86)\dotnet\;C:\Users\yevgen.omelchenko\AppData\Local\Programs\Python\Python39\Scripts\;C:\Users\yevgen.omelchenko\AppData\Local\Programs\Python\Python39\;C:\Users\yevgen.omelchenko\AppData\Local\Microsoft\WindowsApps;C:\Users\yevgen.omelchenko\.dotnet\tools;C:\Users\yevgen.omelchenko\AppData\Local\Programs\Microsoft VS Code\bin;C:\Program Files (x86)\Nmap;C:\Program Files\JetBrains\IntelliJ IDEA 2021.3.2\bin;;C:\Program Files\JetBrains\IntelliJ IDEA Community Edition 2021.3.1\bin;;C:\Program Files\Azure Data Studio\bin;C:\bin\aws-iam-authenticator;C:\Users\yevgen.omelchenko\AppData\Roaming\npm
USERNAME=yevgen.omelchenko
OS=Windows_NT
PROCESSOR_IDENTIFIER=Intel64 Family 6 Model 142 Stepping 12, GenuineIntel
TMP=C:\Users\YEVGEN~1.OME\AppData\Local\Temp
TEMP=C:\Users\YEVGEN~1.OME\AppData\Local\Temp



---------------  S Y S T E M  ---------------

OS:
 Windows 10 , 64 bit Build 19041 (10.0.19041.2788)
OS uptime: 5 days 19:25 hours
Hyper-V role detected

CPU: total 8 (initial active 8) (4 cores per cpu, 2 threads per core) family 6 model 142 stepping 12 microcode 0xf4, cx8, cmov, fxsr, ht, mmx, 3dnowpref, sse, sse2, sse3, ssse3, sse4.1, sse4.2, popcnt, lzcnt, tsc, tscinvbit, avx, avx2, aes, erms, clmul, bmi1, bmi2, adx, fma, vzeroupper, clflush, clflushopt, hv

Memory: 4k page, system-wide physical 16230M (1572M free)
TotalPageFile size 34978M (AvailPageFile size 125M)
current process WorkingSet (physical memory assigned to process): 10M, peak: 10M
current process commit charge ("private bytes"): 60M, peak: 314M

vm_info: OpenJDK 64-Bit Server VM (17.0.7+7-LTS) for windows-amd64 JRE (17.0.7+7-LTS), built on Apr 14 2023 01:39:21 by "Administrator" with MS VC++ 15.9 (VS2017)

END.
